#
# A fatal error has been detected by the Java Runtime Environment:
#
#  Internal Error (javaClasses.cpp:129), pid=11504, tid=4780
#  fatal error: Invalid layout of preloaded class
#
# JRE version: 7.0_09-b05
# Java VM: Java HotSpot(TM) Client VM (23.5-b02 mixed mode windows-x86 )
# Failed to write core dump. Minidumps are not enabled by default on client versions of Windows
#
# If you would like to submit a bug report, please visit:
#   http://bugreport.sun.com/bugreport/crash.jsp
#

---------------  T H R E A D  ---------------

Current thread (0x0038c000):  JavaThread "Unknown thread" [_thread_in_vm, id=4780, stack(0x01150000,0x011a0000)]

Stack: [0x01150000,0x011a0000],  sp=0x0119f918,  free space=318k
Native frames: (J=compiled Java code, j=interpreted, Vv=VM code, C=native code)
V  [jvm.dll+0x16f2f1]
V  [jvm.dll+0x169496]
V  [jvm.dll+0x2082f]
V  [jvm.dll+0x208b6]
V  [jvm.dll+0x2e64d]
V  [jvm.dll+0x2e8f9]
V  [jvm.dll+0x77d01]
V  [jvm.dll+0x780bb]
V  [jvm.dll+0x1290e1]
V  [jvm.dll+0x149b8a]
V  [jvm.dll+0xa997f]
C  [javaw.exe+0x1359]
C  [javaw.exe+0x1dbb]
C  [javaw.exe+0xa0eb]
C  [javaw.exe+0xa175]
C  [kernel32.dll+0x4ed6c]  BaseThreadInitThunk+0x12
C  [ntdll.dll+0x637eb]  RtlInitializeExceptionChain+0xef
C  [ntdll.dll+0x637be]  RtlInitializeExceptionChain+0xc2


---------------  P R O C E S S  ---------------

Java Threads: ( => current thread )

Other Threads:

=>0x0038c000 (exited) JavaThread "Unknown thread" [_thread_in_vm, id=4780, stack(0x01150000,0x011a0000)]

VM state:not at safepoint (not fully initialized)

VM Mutex/Monitor currently owned by a thread: None

GC Heap History (0 events):
No events

Deoptimization events (0 events):
No events

Internal exceptions (0 events):
No events

Events (10 events):
Event: 0.028 loading class 0x011c74c0 done
Event: 0.028 loading class 0x011c5948 done
Event: 0.028 loading class 0x011c5920
Event: 0.029 loading class 0x01240980
Event: 0.029 loading class 0x01240980 done
Event: 0.029 loading class 0x012409b8
Event: 0.029 loading class 0x012409b8 done
Event: 0.029 loading class 0x01236430
Event: 0.029 loading class 0x01236430 done
Event: 0.029 loading class 0x011c5920 done


Dynamic libraries:
0x012b0000 - 0x012df000 	C:\Program Files\Java\jre7\bin\javaw.exe
0x77830000 - 0x7796c000 	C:\Windows\SYSTEM32\ntdll.dll
0x77150000 - 0x77224000 	C:\Windows\system32\kernel32.dll
0x75a20000 - 0x75a6b000 	C:\Windows\system32\KERNELBASE.dll
0x76280000 - 0x76320000 	C:\Windows\system32\ADVAPI32.dll
0x77560000 - 0x7760c000 	C:\Windows\system32\msvcrt.dll
0x76430000 - 0x76449000 	C:\Windows\SYSTEM32\sechost.dll
0x770a0000 - 0x77142000 	C:\Windows\system32\RPCRT4.dll
0x75e50000 - 0x75f19000 	C:\Windows\system32\USER32.dll
0x77a10000 - 0x77a5e000 	C:\Windows\system32\GDI32.dll
0x779a0000 - 0x779aa000 	C:\Windows\system32\LPK.dll
0x77460000 - 0x774fd000 	C:\Windows\system32\USP10.dll
0x74750000 - 0x748ee000 	C:\Windows\WinSxS\x86_microsoft.windows.common-controls_6595b64144ccf1df_6.0.7601.17514_none_41e6975e2bd6f2b2\COMCTL32.dll
0x779b0000 - 0x77a07000 	C:\Windows\system32\SHLWAPI.dll
0x77980000 - 0x7799f000 	C:\Windows\system32\IMM32.DLL
0x77230000 - 0x772fc000 	C:\Windows\system32\MSCTF.dll
0x61950000 - 0x61a0e000 	C:\Program Files\Java\jre7\bin\msvcr100.dll
0x5ee90000 - 0x5f1dd000 	C:\Program Files\Java\jre7\bin\client\jvm.dll
0x70570000 - 0x70577000 	C:\Windows\system32\WSOCK32.dll
0x76370000 - 0x763a5000 	C:\Windows\system32\WS2_32.dll
0x75ba0000 - 0x75ba6000 	C:\Windows\system32\NSI.dll
0x70d80000 - 0x70db2000 	C:\Windows\system32\WINMM.dll
0x75c70000 - 0x75c75000 	C:\Windows\system32\PSAPI.DLL
0x72110000 - 0x7211c000 	C:\Program Files\Java\jre7\bin\verify.dll
0x6c550000 - 0x6c570000 	C:\Program Files\Java\jre7\bin\java.dll
0x670e0000 - 0x670f3000 	C:\Program Files\Java\jre7\bin\zip.dll
0x66ea0000 - 0x66f8b000 	C:\Windows\system32\dbghelp.dll

VM Arguments:
jvm_args: -Dfile.encoding=Cp1250 -Xbootclasspath:D:\adt-bundle-windows-x86-20140702\sdk\platforms\android-20\android.jar 
java_command: antonioplesic.simpleabxtester.wavextractor.WavParserBetter
Launcher Type: SUN_STANDARD

Environment Variables:
JAVA_HOME=C:\Program Files\Java\jre7
JRE_HOME=C:\Program Files\Java\jre7
CLASSPATH=C:\Users\Antonio\Documents\aaaaaaaa;C:\cygwin\home\Antonio\sugar\sugar-v2-0-0\classes\jp\kobe_u\sugar
PATH=C:/Program Files/Java/jre7/bin/client;C:/Program Files/Java/jre7/bin;C:/Program Files/Java/jre7/lib/i386;C:\cygwin\bin;C:\Program Files\IBM\ILOG\CPLEX_Studio_Preview126\opl\bin\x86_win32;C:\Program Files\IBM\ILOG\CPLEX_Studio_Preview126\opl\oplide\;C:\Program Files\IBM\ILOG\CPLEX_Studio_Preview126\cplex\bin\x86_win32;C:\Program Files\IBM\ILOG\CPLEX_Studio_Preview126\cpoptimizer\bin\x86_win32;C:\Python33\Lib\site-packages\PyQt4;C:\Python33\;C:\Tcl\bin;C:\Program Files\AMD APP\bin\x86;C:\Program Files\Common Files\Microsoft Shared\Windows Live;C:\Windows\system32;C:\Windows;C:\Windows\System32\Wbem;C:\Windows\System32\WindowsPowerShell\v1.0\;C:\Program Files\Toshiba\Bluetooth Toshiba Stack\sys\;C:\Program Files\Windows Live\Shared;C:\Program Files\ATI Technologies\ATI.ACE\Core-Static;c:\Program Files\Microsoft SQL Server\100\Tools\Binn\;c:\Program Files\Microsoft SQL Server\100\DTS\Binn\;C:\yices\;d:\Program Files\MATLAB\R2011a\runtime\win32;d:\Program Files\MATLAB\R2011a\bin;C:\Program Files\TortoiseSVN\bin;C:\Program Files\MiKTeX 2.9\miktex\bin\;C:\Program Files\nc111nt;C:\Program Files\Microsoft\Web Platform Installer\;D:\adt-bundle-windows-x86\adt-bundle-windows-x86\sdk;C:\Program Files\WinRAR;C:\Users\Antonio\Desktop\zavrsniRad;C:\z3-4.3.0-x86\z3-4.3.0-x86\bin;c:\iverilog\bin;C:\Program Files\NuSMV\2.4.3\bin;C:\erl5.10.1\bin;C:\Program Files\Java\jdk1.7.0_09\bin;C:\yices-2.2.1-i686-pc-mingw32-static-gmp\yices-2.2.1\bin;C:\cygwin\home\Antonio\glucose_1.0\glucose_1.0;C:\spin623;C:\Program Files\Microsoft SQL Server\110\Tools\Binn\;C:\Program Files\GnuWin32\bin;C:\Users\Antonio\workspace\dipl_pro_multi_path_wa\minisatp;;C:\Windows\System32\WindowsPowerShell\v1.0\;C:\scip-3.1.0.win.x86.msvc.opt.spx.ld;C:\Program Files\Graphviz2.38\bin;D:\android-ndk-r10b;C:\Users\Antonio\workspace\ResourceRenamer;C:\Program Files\ffmpeg-win-2.2.2;C:\Program Files\doxygen\bin;D:\adt-bundle-windows-x86-20140702\eclipse;
USERNAME=Antonio
OS=Windows_NT
PROCESSOR_IDENTIFIER=x86 Family 6 Model 23 Stepping 6, GenuineIntel



---------------  S Y S T E M  ---------------

OS: Windows 7 Build 7601 Service Pack 1

CPU:total 2 (2 cores per cpu, 1 threads per core) family 6 model 23 stepping 6, cmov, cx8, fxsr, mmx, sse, sse2, sse3, ssse3, sse4.1, tsc

Memory: 4k page, physical 2095544k(644372k free), swap 4191088k(1523948k free)

vm_info: Java HotSpot(TM) Client VM (23.5-b02) for windows-x86 JRE (1.7.0_09-b05), built on Sep 24 2012 22:01:33 by "java_re" with unknown MS VC++:1600

time: Mon Feb 16 12:25:41 2015
elapsed time: 0 seconds

